<?xml version="1.0" encoding="UTF-8"?>
<!-- Generated by org.testng.reporters.JUnitReportReporter -->
<testsuite hostname="DESKTOP-KIC5P2L" failures="0" tests="1" name="learning.eCommerce_tc_1" time="42.059" errors="0" timestamp="2023-02-20T22:59:03 GMT" skipped="0">
  <testcase classname="learning.eCommerce_tc_1" name="FillForm" time="42.059"/>
  <system-out/>
</testsuite> <!-- learning.eCommerce_tc_1 -->
