<?xml version="1.0" encoding="UTF-8"?>
<!-- Generated by org.testng.reporters.JUnitReportReporter -->
<testsuite hostname="DESKTOP-KIC5P2L" failures="0" tests="1" name="learning.ScrollDemo" time="8.746" errors="0" timestamp="2023-02-20T14:10:50 GMT" skipped="0">
  <testcase classname="learning.ScrollDemo" name="ScrollDemoTest" time="8.746"/>
  <system-out/>
</testsuite> <!-- learning.ScrollDemo -->
