<?xml version="1.0" encoding="UTF-8"?>
<!-- Generated by org.testng.reporters.JUnitReportReporter -->
<testsuite hostname="DESKTOP-KIC5P2L" failures="0" tests="1" name="learning.MiscellanousAppiumActions" time="8.731" errors="0" timestamp="2023-02-20T16:11:02 GMT" skipped="0">
  <testcase classname="learning.MiscellanousAppiumActions" name="Miscellanous" time="8.731"/>
  <system-out/>
</testsuite> <!-- learning.MiscellanousAppiumActions -->
