<?xml version="1.0" encoding="UTF-8"?>
<!-- Generated by org.testng.reporters.JUnitReportReporter -->
<testsuite hostname="DESKTOP-KIC5P2L" failures="0" tests="1" name="learning.SwipeDemo" time="7.042" errors="0" timestamp="2023-02-20T14:11:15 GMT" skipped="0">
  <testcase classname="learning.SwipeDemo" name="SwipeDemoTest" time="7.042"/>
  <system-out/>
</testsuite> <!-- learning.SwipeDemo -->
