<?xml version="1.0" encoding="UTF-8"?>
<!-- Generated by org.testng.reporters.JUnitReportReporter -->
<testsuite hostname="DESKTOP-KIC5P2L" failures="0" tests="1" name="learning.LongPress" time="6.180" errors="0" timestamp="2023-02-19T23:20:58 GMT" skipped="0">
  <testcase classname="learning.LongPress" name="LongPressGesture" time="6.180"/>
  <system-out/>
</testsuite> <!-- learning.LongPress -->
