<?xml version="1.0" encoding="UTF-8"?>
<!-- Generated by org.testng.reporters.JUnitReportReporter -->
<testsuite hostname="DESKTOP-KIC5P2L" failures="0" tests="1" name="learning.DragDropDemo" time="5.976" errors="0" timestamp="2023-02-20T03:53:04 GMT" skipped="0">
  <testcase classname="learning.DragDropDemo" name="DragDropTest" time="5.976"/>
  <system-out/>
</testsuite> <!-- learning.DragDropDemo -->
